2024-09-21 21:17:26 [restartedMain] INFO  c.h.u.UseractivityserviceApplication - Starting UseractivityserviceApplication using Java 22.0.2 with PID 14292 (C:\Users\hamma\Capstone-Wipro\useractivityservice\target\classes started by hamma in C:\Users\hamma\Capstone-Wipro\useractivityservice)
2024-09-21 21:17:26 [restartedMain] INFO  c.h.u.UseractivityserviceApplication - No active profile set, falling back to 1 default profile: "default"
2024-09-21 21:17:26 [restartedMain] INFO  o.s.b.d.e.DevToolsPropertyDefaultsPostProcessor - Devtools property defaults active! Set 'spring.devtools.add-properties' to 'false' to disable
2024-09-21 21:17:26 [restartedMain] INFO  o.s.b.d.e.DevToolsPropertyDefaultsPostProcessor - For additional web related logging consider setting the 'logging.level.web' property to 'DEBUG'
2024-09-21 21:17:26 [restartedMain] INFO  o.s.d.r.c.RepositoryConfigurationDelegate - Bootstrapping Spring Data JPA repositories in DEFAULT mode.
2024-09-21 21:17:26 [restartedMain] INFO  o.s.d.r.c.RepositoryConfigurationDelegate - Finished Spring Data repository scanning in 36 ms. Found 1 JPA repository interface.
2024-09-21 21:17:26 [restartedMain] INFO  o.s.cloud.context.scope.GenericScope - BeanFactory id=e5a3335b-67ba-3646-a159-c8c3d004ed4c
2024-09-21 21:17:27 [restartedMain] INFO  o.s.b.w.e.tomcat.TomcatWebServer - Tomcat initialized with port 8084 (http)
2024-09-21 21:17:27 [restartedMain] INFO  o.a.coyote.http11.Http11NioProtocol - Initializing ProtocolHandler ["http-nio-8084"]
2024-09-21 21:17:27 [restartedMain] INFO  o.a.catalina.core.StandardService - Starting service [Tomcat]
2024-09-21 21:17:27 [restartedMain] INFO  o.a.catalina.core.StandardEngine - Starting Servlet engine: [Apache Tomcat/10.1.28]
2024-09-21 21:17:27 [restartedMain] INFO  o.a.c.c.C.[Tomcat].[localhost].[/] - Initializing Spring embedded WebApplicationContext
2024-09-21 21:17:27 [restartedMain] INFO  o.s.b.w.s.c.ServletWebServerApplicationContext - Root WebApplicationContext: initialization completed in 1300 ms
2024-09-21 21:17:27 [restartedMain] INFO  o.h.jpa.internal.util.LogHelper - HHH000204: Processing PersistenceUnitInfo [name: default]
2024-09-21 21:17:27 [restartedMain] INFO  org.hibernate.Version - HHH000412: Hibernate ORM core version 6.5.2.Final
2024-09-21 21:17:27 [restartedMain] INFO  o.h.c.i.RegionFactoryInitiator - HHH000026: Second-level cache disabled
2024-09-21 21:17:27 [restartedMain] INFO  o.s.o.j.p.SpringPersistenceUnitInfo - No LoadTimeWeaver setup: ignoring JPA class transformer
2024-09-21 21:17:27 [restartedMain] INFO  com.zaxxer.hikari.HikariDataSource - HikariPool-1 - Starting...
2024-09-21 21:17:28 [restartedMain] INFO  com.zaxxer.hikari.pool.HikariPool - HikariPool-1 - Added connection com.mysql.cj.jdbc.ConnectionImpl@18810e3a
2024-09-21 21:17:28 [restartedMain] INFO  com.zaxxer.hikari.HikariDataSource - HikariPool-1 - Start completed.
2024-09-21 21:17:28 [restartedMain] WARN  org.hibernate.orm.deprecation - HHH90000025: MySQL8Dialect does not need to be specified explicitly using 'hibernate.dialect' (remove the property setting and it will be selected by default)
2024-09-21 21:17:28 [restartedMain] WARN  org.hibernate.orm.deprecation - HHH90000026: MySQL8Dialect has been deprecated; use org.hibernate.dialect.MySQLDialect instead
2024-09-21 21:17:28 [restartedMain] INFO  o.h.e.t.j.p.i.JtaPlatformInitiator - HHH000489: No JTA platform available (set 'hibernate.transaction.jta.platform' to enable JTA platform integration)
2024-09-21 21:17:29 [restartedMain] INFO  o.s.o.j.LocalContainerEntityManagerFactoryBean - Initialized JPA EntityManagerFactory for persistence unit 'default'
2024-09-21 21:17:29 [restartedMain] WARN  o.s.b.a.o.j.JpaBaseConfiguration$JpaWebConfiguration - spring.jpa.open-in-view is enabled by default. Therefore, database queries may be performed during view rendering. Explicitly configure spring.jpa.open-in-view to disable this warning
2024-09-21 21:17:29 [restartedMain] WARN  o.s.b.d.a.OptionalLiveReloadServer - Unable to start LiveReload server
2024-09-21 21:17:29 [restartedMain] INFO  o.a.coyote.http11.Http11NioProtocol - Starting ProtocolHandler ["http-nio-8084"]
2024-09-21 21:17:29 [restartedMain] INFO  o.s.b.w.e.tomcat.TomcatWebServer - Tomcat started on port 8084 (http) with context path '/'
2024-09-21 21:17:29 [restartedMain] INFO  c.h.u.UseractivityserviceApplication - Started UseractivityserviceApplication in 4.064 seconds (process running for 4.934)
2024-09-21 21:30:33 [RMI TCP Connection(15)-127.0.0.1] INFO  o.s.b.a.SpringApplicationAdminMXBeanRegistrar$SpringApplicationAdmin - Application shutdown requested.
2024-09-21 21:30:33 [RMI TCP Connection(15)-127.0.0.1] INFO  o.a.coyote.http11.Http11NioProtocol - Stopping ProtocolHandler ["http-nio-8084"]
2024-09-21 21:30:33 [RMI TCP Connection(15)-127.0.0.1] INFO  o.s.o.j.LocalContainerEntityManagerFactoryBean - Closing JPA EntityManagerFactory for persistence unit 'default'
2024-09-21 21:30:33 [RMI TCP Connection(15)-127.0.0.1] INFO  com.zaxxer.hikari.HikariDataSource - HikariPool-1 - Shutdown initiated...
2024-09-21 21:30:33 [RMI TCP Connection(15)-127.0.0.1] INFO  com.zaxxer.hikari.HikariDataSource - HikariPool-1 - Shutdown completed.
2024-09-21 21:32:12 [main] INFO  c.h.u.UseractivityserviceApplicationTests - Starting UseractivityserviceApplicationTests using Java 22.0.2 with PID 12148 (started by hamma in C:\Users\hamma\Capstone-Wipro\useractivityservice)
2024-09-21 21:32:12 [main] INFO  c.h.u.UseractivityserviceApplicationTests - No active profile set, falling back to 1 default profile: "default"
2024-09-21 21:32:13 [main] INFO  o.s.d.r.c.RepositoryConfigurationDelegate - Bootstrapping Spring Data JPA repositories in DEFAULT mode.
2024-09-21 21:32:13 [main] INFO  o.s.d.r.c.RepositoryConfigurationDelegate - Finished Spring Data repository scanning in 60 ms. Found 1 JPA repository interface.
2024-09-21 21:32:14 [main] INFO  o.s.cloud.context.scope.GenericScope - BeanFactory id=4f9325ee-04df-3c37-9b2e-63de1037e359
2024-09-21 21:32:14 [main] INFO  o.h.jpa.internal.util.LogHelper - HHH000204: Processing PersistenceUnitInfo [name: default]
2024-09-21 21:32:14 [main] INFO  org.hibernate.Version - HHH000412: Hibernate ORM core version 6.5.2.Final
2024-09-21 21:32:14 [main] INFO  o.h.c.i.RegionFactoryInitiator - HHH000026: Second-level cache disabled
2024-09-21 21:32:14 [main] INFO  o.s.o.j.p.SpringPersistenceUnitInfo - No LoadTimeWeaver setup: ignoring JPA class transformer
2024-09-21 21:32:14 [main] INFO  com.zaxxer.hikari.HikariDataSource - HikariPool-1 - Starting...
2024-09-21 21:32:15 [main] INFO  com.zaxxer.hikari.pool.HikariPool - HikariPool-1 - Added connection com.mysql.cj.jdbc.ConnectionImpl@6afaf27
2024-09-21 21:32:15 [main] INFO  com.zaxxer.hikari.HikariDataSource - HikariPool-1 - Start completed.
2024-09-21 21:32:15 [main] WARN  org.hibernate.orm.deprecation - HHH90000025: MySQL8Dialect does not need to be specified explicitly using 'hibernate.dialect' (remove the property setting and it will be selected by default)
2024-09-21 21:32:15 [main] WARN  org.hibernate.orm.deprecation - HHH90000026: MySQL8Dialect has been deprecated; use org.hibernate.dialect.MySQLDialect instead
2024-09-21 21:32:15 [main] INFO  o.h.e.t.j.p.i.JtaPlatformInitiator - HHH000489: No JTA platform available (set 'hibernate.transaction.jta.platform' to enable JTA platform integration)
2024-09-21 21:32:15 [main] INFO  o.s.o.j.LocalContainerEntityManagerFactoryBean - Initialized JPA EntityManagerFactory for persistence unit 'default'
2024-09-21 21:32:16 [main] WARN  o.s.b.a.o.j.JpaBaseConfiguration$JpaWebConfiguration - spring.jpa.open-in-view is enabled by default. Therefore, database queries may be performed during view rendering. Explicitly configure spring.jpa.open-in-view to disable this warning
2024-09-21 21:32:17 [main] INFO  c.h.u.UseractivityserviceApplicationTests - Started UseractivityserviceApplicationTests in 4.981 seconds (process running for 7.441)
2024-09-21 21:32:17 [main] INFO  c.h.u.service.UserActivityService - Fetching activity with ID: 1
2024-09-21 21:32:17 [main] INFO  c.h.u.service.UserActivityService - Found activity with ID: 1
2024-09-21 21:32:17 [main] INFO  c.h.u.service.UserActivityService - Fetching activities for user ID: 1
2024-09-21 21:32:17 [main] INFO  c.h.u.service.UserActivityService - Found 0 activities for user ID: 1
2024-09-21 21:32:17 [main] INFO  c.h.u.service.UserActivityService - Fetching activities for user ID: 99
2024-09-21 21:32:17 [main] INFO  c.h.u.service.UserActivityService - Found 0 activities for user ID: 99
2024-09-21 21:32:17 [main] INFO  c.h.u.service.UserActivityService - Fetching activities for user ID: 1
2024-09-21 21:32:17 [main] INFO  c.h.u.service.UserActivityService - Found 1 activities for user ID: 1
2024-09-21 21:32:17 [main] INFO  c.h.u.service.UserActivityService - Fetching activity with ID: 1
2024-09-21 21:32:17 [main] ERROR c.h.u.service.UserActivityService - Activity not found with ID: 1
2024-09-21 21:32:17 [main] INFO  c.h.u.service.UserActivityService - Logging user activity for user ID: 1
2024-09-21 21:32:17 [main] INFO  c.h.u.service.UserActivityService - User activity logged with activity ID: 1
2024-09-21 21:32:17 [SpringApplicationShutdownHook] INFO  o.s.o.j.LocalContainerEntityManagerFactoryBean - Closing JPA EntityManagerFactory for persistence unit 'default'
2024-09-21 21:32:17 [SpringApplicationShutdownHook] INFO  com.zaxxer.hikari.HikariDataSource - HikariPool-1 - Shutdown initiated...
2024-09-21 21:32:17 [SpringApplicationShutdownHook] INFO  com.zaxxer.hikari.HikariDataSource - HikariPool-1 - Shutdown completed.
